[2022-08-03T07:32:03.632] [INFO] default - errors Corect, Password Wrong
[2022-08-03T07:32:08.293] [INFO] default - errors Correct Email, Email Not Found
[2022-08-03T07:32:09.832] [INFO] default - errors [ 'Invalid value' ]
[2022-08-03T07:32:09.836] [INFO] default - errors Correct Email, Email Not Found
[2022-08-03T07:32:09.837] [FATAL] default - ERRORError [ERR_HTTP_HEADERS_SENT]: Cannot set headers after they are sent to the client
[2022-08-03T07:32:20.073] [INFO] default - errors Corect, Password Wrong
[2022-08-03T07:35:04.513] [INFO] default - errors Corect, Password Wrong
[2022-08-03T07:35:58.759] [INFO] default - errors Corect, Password Wrong
[2022-08-03T07:37:16.651] [DEBUG] default - Success Login zxeveroxz@gmail.com
[2022-08-03T07:39:41.304] [DEBUG] default - Create session: 98135905
[2022-08-03T07:39:44.361] [DEBUG] default - Session Created: 98135905
[2022-08-03T07:39:44.482] [DEBUG] default - Insert Session Created: 107
[2022-08-03T07:39:49.180] [DEBUG] default - Delete session: 98135905
[2022-08-03T07:39:56.438] [INFO] default - message { id: '98135905', text: 'QR Code received, scan please!' }
[2022-08-03T07:40:24.552] [INFO] default - Session Already: 98135905
[2022-08-03T07:40:38.010] [INFO] default - message { id: '98135905', text: 'QR Code received, scan please!' }
[2022-08-03T07:41:06.257] [DEBUG] default - Success Login zxeveroxz@gmail.com
[2022-08-03T07:41:32.491] [DEBUG] default - Delete session: 98135905
[2022-08-03T07:41:37.913] [INFO] default - message { id: '98135905', text: 'QR Code received, scan please!' }
[2022-08-03T07:41:41.638] [DEBUG] default - Success Login zxeveroxz@gmail.com
[2022-08-03T07:41:57.860] [INFO] default - message { id: '98135905', text: 'QR Code received, scan please!' }
[2022-08-03T07:42:13.643] [DEBUG] default - Delete session: 98135905
[2022-08-03T07:42:17.863] [INFO] default - message { id: '98135905', text: 'QR Code received, scan please!' }
[2022-08-03T07:42:37.873] [INFO] default - message { id: '98135905', text: 'QR Code received, scan please!' }
[2022-08-03T07:42:57.928] [INFO] default - message { id: '98135905', text: 'QR Code received, scan please!' }
[2022-08-03T07:44:47.637] [DEBUG] default - Success Login zxeveroxz@gmail.com
[2022-08-03T07:45:06.750] [DEBUG] default - Create session: 51981359205
[2022-08-03T07:45:06.778] [DEBUG] default - Session Created: 51981359205
[2022-08-03T07:45:06.851] [DEBUG] default - Insert Session Created: 108
[2022-08-03T07:45:12.928] [INFO] default - message { id: '51981359205', text: 'QR Code received, scan please!' }
[2022-08-03T07:46:06.814] [DEBUG] default - Delete session: 51981359205
[2022-08-03T07:46:12.778] [INFO] default - message { id: '51981359205', text: 'QR Code received, scan please!' }
[2022-08-03T07:46:20.394] [DEBUG] default - Success Login zxeveroxz@gmail.com
[2022-08-03T07:46:32.769] [INFO] default - message { id: '51981359205', text: 'QR Code received, scan please!' }
[2022-08-03T07:46:52.777] [INFO] default - message { id: '51981359205', text: 'QR Code received, scan please!' }
[2022-08-03T07:47:12.787] [INFO] default - message { id: '51981359205', text: 'QR Code received, scan please!' }
[2022-08-03T07:47:32.783] [INFO] default - message { id: '51981359205', text: 'QR Code received, scan please!' }
[2022-08-03T07:47:56.142] [INFO] default - Session Already: 51981359205
[2022-08-03T07:47:59.866] [DEBUG] default - Success Login zxeveroxz@gmail.com
[2022-08-03T07:48:10.575] [INFO] default - message { id: '51981359205', text: 'QR Code received, scan please!' }
[2022-08-03T07:49:10.434] [INFO] default - message { id: '51981359205', text: 'QR Code received, scan please!' }
[2022-08-03T07:49:30.405] [INFO] default - message { id: '51981359205', text: 'QR Code received, scan please!' }
[2022-08-03T07:49:50.442] [INFO] default - message { id: '51981359205', text: 'QR Code received, scan please!' }
[2022-08-03T07:50:10.461] [INFO] default - message { id: '51981359205', text: 'QR Code received, scan please!' }
[2022-08-03T07:50:30.463] [INFO] default - message { id: '51981359205', text: 'QR Code received, scan please!' }
[2022-08-03T07:50:49.907] [DEBUG] default - Success Login zxeveroxz@gmail.com
[2022-08-03T07:50:53.149] [INFO] default - message { id: '51981359205', text: 'QR Code received, scan please!' }
[2022-08-03T07:51:53.162] [INFO] default - message { id: '51981359205', text: 'QR Code received, scan please!' }
[2022-08-03T07:52:13.209] [INFO] default - message { id: '51981359205', text: 'QR Code received, scan please!' }
[2022-08-03T07:52:33.240] [INFO] default - message { id: '51981359205', text: 'QR Code received, scan please!' }
[2022-08-03T07:52:53.204] [INFO] default - message { id: '51981359205', text: 'QR Code received, scan please!' }
[2022-08-03T07:53:13.184] [INFO] default - message { id: '51981359205', text: 'QR Code received, scan please!' }
[2022-08-03T07:53:34.828] [INFO] default - message { id: '51981359205', text: 'QR Code received, scan please!' }
[2022-08-03T07:54:03.201] [INFO] default - Session Already: 51981359205
[2022-08-03T07:54:14.096] [DEBUG] default - Success Login zxeveroxz@gmail.com
[2022-08-03T07:54:16.575] [INFO] default - message { id: '51981359205', text: 'QR Code received, scan please!' }
[2022-08-03T07:54:28.999] [DEBUG] default - Delete session: 51981359205
[2022-08-03T07:54:32.979] [DEBUG] default - Success Login zxeveroxz@gmail.com
[2022-08-03T07:55:16.492] [INFO] default - message { id: '51981359205', text: 'QR Code received, scan please!' }
[2022-08-03T07:55:36.420] [INFO] default - message { id: '51981359205', text: 'QR Code received, scan please!' }
[2022-08-03T07:55:56.459] [INFO] default - message { id: '51981359205', text: 'QR Code received, scan please!' }
[2022-08-03T07:56:16.467] [INFO] default - message { id: '51981359205', text: 'QR Code received, scan please!' }
[2022-08-03T07:56:36.461] [INFO] default - message { id: '51981359205', text: 'QR Code received, scan please!' }
[2022-08-03T07:56:57.826] [INFO] default - message { id: '51981359205', text: 'QR Code received, scan please!' }
[2022-08-03T07:57:51.717] [INFO] default - Session Already: 51981359205
[2022-08-03T07:58:05.870] [INFO] default - message { id: '51981359205', text: 'QR Code received, scan please!' }
[2022-08-03T07:58:06.577] [DEBUG] default - Success Login zxeveroxz@gmail.com
[2022-08-03T07:58:49.053] [DEBUG] default - Delete session: 51981359205
[2022-08-03T07:58:53.386] [DEBUG] default - Success Login zxeveroxz@gmail.com
[2022-08-03T07:59:05.748] [INFO] default - message { id: '51981359205', text: 'QR Code received, scan please!' }
[2022-08-03T07:59:25.709] [INFO] default - message { id: '51981359205', text: 'QR Code received, scan please!' }
[2022-08-03T07:59:51.643] [DEBUG] default - message { id: '51981359205', text: 'Whatsapp is authenticated!' }
[2022-08-03T07:59:51.980] [INFO] default - message { id: '51981359205', text: 'Whatsapp is ready!' }
[2022-08-03T08:00:46.298] [DEBUG] default - url:/send-message message: success send 51981359205@c.us
[2022-08-03T08:00:46.401] [DEBUG] default - url:/send-message message:Insert Send Wa Successfully 800
[2022-08-03T08:01:37.855] [DEBUG] default - Success Logout
[2022-08-03T08:01:42.460] [DEBUG] default - Success Login zxeveroxz@gmail.com
